<?xml version="1.0" encoding="UTF-8"?>
<!-- Generated by org.testng.reporters.JUnitReportReporter -->
<testsuite skipped="0" hostname="DP5-RPL21-IND" name="demo.TestNGDependencyDemo" tests="3" failures="0" timestamp="22 Feb 2022 17:09:32 GMT" time="0.009" errors="0">
  <testcase name="test1" time="0.000" classname="demo.TestNGDependencyDemo"/>
  <testcase name="test2" time="0.009" classname="demo.TestNGDependencyDemo"/>
  <testcase name="test3" time="0.000" classname="demo.TestNGDependencyDemo"/>
</testsuite> <!-- demo.TestNGDependencyDemo -->
