<?xml version="1.0" encoding="UTF-8"?>
<!-- Generated by org.testng.reporters.JUnitReportReporter -->
<testsuite skipped="1" hostname="DP5-RPL21-IND" name="demo.TestNGIgnoreDemo" tests="2" failures="0" timestamp="17 Feb 2022 15:16:29 GMT" time="0.011" errors="0">
  <testcase name="test2" time="0.011" classname="demo.TestNGIgnoreDemo"/>
  <testcase name="test1" classname="demo.TestNGIgnoreDemo">
    <skipped/>
  </testcase> <!-- test1 -->
</testsuite> <!-- demo.TestNGIgnoreDemo -->
