<?xml version="1.0" encoding="UTF-8"?>
<!-- Generated by org.testng.reporters.JUnitReportReporter -->
<testsuite skipped="0" hostname="DP5-RPL21-IND" name="demo.TestNGParametersDemo" tests="1" failures="0" timestamp="17 Feb 2022 16:40:50 GMT" time="0.008" errors="0">
  <testcase name="test" time="0.008" classname="demo.TestNGParametersDemo"/>
</testsuite> <!-- demo.TestNGParametersDemo -->
