<?xml version="1.0" encoding="UTF-8"?>
<!-- Generated by org.testng.reporters.JUnitReportReporter -->
<testsuite skipped="0" hostname="DP5-RPL21-IND" name="utils.ExcelDataProvider" tests="3" failures="0" timestamp="16 Feb 2022 16:45:59 GMT" time="13.016" errors="0">
  <testcase name="test1" time="2.784" classname="utils.ExcelDataProvider"/>
  <testcase name="test1" time="2.799" classname="utils.ExcelDataProvider"/>
  <testcase name="test1" time="7.433" classname="utils.ExcelDataProvider"/>
</testsuite> <!-- utils.ExcelDataProvider -->
