<?xml version="1.0" encoding="UTF-8"?>
<!-- Generated by org.testng.reporters.JUnitReportReporter -->
<testsuite skipped="0" hostname="DP5-RPL21-IND" name="test.testNG" tests="1" failures="0" timestamp="14 Feb 2022 17:11:04 GMT" time="14.423" errors="0">
  <testcase name="googleSearch" time="14.423" classname="test.testNG"/>
</testsuite> <!-- test.testNG -->
